<?xml version="1.0" encoding="UTF-8"?>
<!-- Generated by org.testng.reporters.JUnitReportReporter -->
<testsuite skipped="0" hostname="DESKTOP-KTPC5D9" name="tests.basic.AppiumTestExample" tests="1" failures="0" timestamp="24 ינו 2021 20:13:31 GMT" time="14.409" errors="0">
  <testcase name="test" time="14.409" classname="tests.basic.AppiumTestExample"/>
</testsuite> <!-- tests.basic.AppiumTestExample -->
