<?xml version="1.0" encoding="UTF-8"?>
<!-- Generated by org.testng.reporters.JUnitReportReporter -->
<testsuite skipped="0" hostname="DESKTOP-KTPC5D9" name="tests.basic.ShoppingEndToEnd" tests="1" failures="0" timestamp="24 ינו 2021 20:41:22 GMT" time="15.637" errors="0">
  <testcase name="test" time="15.637" classname="tests.basic.ShoppingEndToEnd"/>
</testsuite> <!-- tests.basic.ShoppingEndToEnd -->
